EasyShoppingCart/app/build/outputs/logs/manifest-merger-debug-report.txt
-- Merging decision tree log ---
manifest
ADDED from src\main\AndroidManifest.xml:2:1-99:12
	package
		ADDED from src\main\AndroidManifest.xml:2:11-51
		INJECTED from src\main\AndroidManifest.xml
		INJECTED from src\main\AndroidManifest.xml
	android:versionName
		INJECTED from src\main\AndroidManifest.xml
		INJECTED from src\main\AndroidManifest.xml
	xmlns:android
		ADDED from src\main\AndroidManifest.xml:3:11-69
	android:versionCode
		INJECTED from src\main\AndroidManifest.xml
		INJECTED from src\main\AndroidManifest.xml
uses-permission#android.permission.INTERNET
ADDED from src\main\AndroidManifest.xml:5:5-66
	android:name
		ADDED from src\main\AndroidManifest.xml:5:22-64
uses-permission#android.permission.ACCESS_NETWORK_STATE
ADDED from src\main\AndroidManifest.xml:6:5-78
	android:name
		ADDED from src\main\AndroidManifest.xml:6:22-76
uses-permission#android.permission.WRITE_EXTERNAL_STORAGE
ADDED from src\main\AndroidManifest.xml:7:5-80
	android:name
		ADDED from src\main\AndroidManifest.xml:7:22-78
uses-permission#android.permission.ACCESS_COARSE_LOCATION
ADDED from src\main\AndroidManifest.xml:8:5-80
	android:name
		ADDED from src\main\AndroidManifest.xml:8:22-78
uses-permission#android.permission.ACCESS_FINE_LOCATION
ADDED from src\main\AndroidManifest.xml:9:5-78
	android:name
		ADDED from src\main\AndroidManifest.xml:9:22-76
uses-permission#android.permission.READ_CONTACTS
ADDED from src\main\AndroidManifest.xml:10:5-71
	android:name
		ADDED from src\main\AndroidManifest.xml:10:22-69
uses-permission#android.permission.CALL_PHONE
ADDED from src\main\AndroidManifest.xml:11:5-68
	android:name
		ADDED from src\main\AndroidManifest.xml:11:22-66
uses-permission#android.permission.SEND_SMS
ADDED from src\main\AndroidManifest.xml:12:5-66
	android:name
		ADDED from src\main\AndroidManifest.xml:12:22-64
application
ADDED from src\main\AndroidManifest.xml:14:5-97:19
MERGED from [com.android.support:support-v4:24.2.1] AndroidManifest.xml:25:5-20
MERGED from [com.android.support:support-compat:24.2.1] AndroidManifest.xml:25:5-20
MERGED from [com.android.support:support-media-compat:24.2.1] AndroidManifest.xml:25:5-20
MERGED from [com.android.support:support-core-utils:24.2.1] AndroidManifest.xml:25:5-20
MERGED from [com.android.support:support-core-ui:24.2.1] AndroidManifest.xml:25:5-20
MERGED from [com.android.support:support-fragment:24.2.1] AndroidManifest.xml:25:5-20
MERGED from [com.jpardogo.materialtabstrip:library:1.1.0] AndroidManifest.xml:9:5-20
MERGED from [com.android.support:cardview-v7:24.2.1] AndroidManifest.xml:22:5-20
MERGED from [com.android.support:appcompat-v7:24.2.1] AndroidManifest.xml:25:5-20
MERGED from [com.android.support:support-vector-drawable:24.2.1] AndroidManifest.xml:23:5-20
MERGED from [com.android.support:animated-vector-drawable:24.2.1] AndroidManifest.xml:22:5-20
MERGED from [com.github.gabrielemariotti.cards:cardslib-cards:2.1.0] AndroidManifest.xml:28:5-29:19
MERGED from [com.github.gabrielemariotti.cards:cardslib-core:2.1.0] AndroidManifest.xml:28:5-29:19
MERGED from [com.github.igortrncic.dotted-progress-bar:library:1.0.0] AndroidManifest.xml:11:5-14:19
MERGED from [com.android.support:design:24.2.1] AndroidManifest.xml:22:5-20
	android:label
		ADDED from src\main\AndroidManifest.xml:17:9-41
	android:allowBackup
		ADDED from src\main\AndroidManifest.xml:15:9-35
	android:icon
		ADDED from src\main\AndroidManifest.xml:16:9-38
	android:theme
		ADDED from src\main\AndroidManifest.xml:18:9-40
activity#com.videumcorp.android.tabmain.MainActivity
ADDED from src\main\AndroidManifest.xml:19:9-22:20
	android:label
		ADDED from src\main\AndroidManifest.xml:21:13-45
	android:name
		ADDED from src\main\AndroidManifest.xml:20:13-41
activity#com.videumcorp.android.tabmain.SettingsActivity
ADDED from src\main\AndroidManifest.xml:23:9-27:20
	android:label
		ADDED from src\main\AndroidManifest.xml:25:13-60
	android:parentActivityName
		ADDED from src\main\AndroidManifest.xml:26:13-55
	android:name
		ADDED from src\main\AndroidManifest.xml:24:13-45
activity#com.code.view.ViewDetailProductActivity
ADDED from src\main\AndroidManifest.xml:28:9-31:20
	android:label
		ADDED from src\main\AndroidManifest.xml:30:13-71
	android:name
		ADDED from src\main\AndroidManifest.xml:29:13-67
activity#com.code.view.ViewSignupActivity
ADDED from src\main\AndroidManifest.xml:32:9-35:20
	android:label
		ADDED from src\main\AndroidManifest.xml:34:13-63
	android:name
		ADDED from src\main\AndroidManifest.xml:33:13-60
activity#com.code.view.ViewLoadingActivity
ADDED from src\main\AndroidManifest.xml:36:9-45:20
	android:label
		ADDED from src\main\AndroidManifest.xml:39:13-64
	android:configChanges
		ADDED from src\main\AndroidManifest.xml:38:13-74
	android:name
		ADDED from src\main\AndroidManifest.xml:37:13-61
intent-filter#android.intent.action.MAIN+android.intent.category.LAUNCHER
ADDED from src\main\AndroidManifest.xml:40:13-44:29
action#android.intent.action.MAIN
ADDED from src\main\AndroidManifest.xml:41:17-68
	android:name
		ADDED from src\main\AndroidManifest.xml:41:25-66
category#android.intent.category.LAUNCHER
ADDED from src\main\AndroidManifest.xml:43:17-76
	android:name
		ADDED from src\main\AndroidManifest.xml:43:27-74
activity#com.code.view.ViewLoginActivity
ADDED from src\main\AndroidManifest.xml:46:9-50:20
	android:label
		ADDED from src\main\AndroidManifest.xml:49:13-45
	android:configChanges
		ADDED from src\main\AndroidManifest.xml:48:13-74
	android:name
		ADDED from src\main\AndroidManifest.xml:47:13-59
activity#com.code.view.SearchAdvanceActivity
ADDED from src\main\AndroidManifest.xml:51:9-55:20
	android:label
		ADDED from src\main\AndroidManifest.xml:53:13-66
	android:parentActivityName
		ADDED from src\main\AndroidManifest.xml:54:13-55
	android:name
		ADDED from src\main\AndroidManifest.xml:52:13-63
activity#com.code.view.ViewCartActivity
ADDED from src\main\AndroidManifest.xml:56:9-60:20
	android:label
		ADDED from src\main\AndroidManifest.xml:58:13-61
	android:parentActivityName
		ADDED from src\main\AndroidManifest.xml:59:13-55
	android:name
		ADDED from src\main\AndroidManifest.xml:57:13-58
activity#com.code.view.ViewOrderActivity
ADDED from src\main\AndroidManifest.xml:61:9-68:20
	android:label
		ADDED from src\main\AndroidManifest.xml:63:13-62
	android:parentActivityName
		ADDED from src\main\AndroidManifest.xml:64:13-72
	android:name
		ADDED from src\main\AndroidManifest.xml:62:13-59
meta-data#android.support.PARENT_ACTIVITY
ADDED from src\main\AndroidManifest.xml:65:13-67:65
	android:value
		ADDED from src\main\AndroidManifest.xml:67:17-63
	android:name
		ADDED from src\main\AndroidManifest.xml:66:17-63
activity#com.code.view.ViewHistoryActivity
ADDED from src\main\AndroidManifest.xml:69:9-72:20
	android:label
		ADDED from src\main\AndroidManifest.xml:71:13-64
	android:name
		ADDED from src\main\AndroidManifest.xml:70:13-61
activity#com.code.view.ViewBroadActivity
ADDED from src\main\AndroidManifest.xml:73:9-80:20
	android:label
		ADDED from src\main\AndroidManifest.xml:75:13-62
	android:parentActivityName
		ADDED from src\main\AndroidManifest.xml:76:13-55
	android:name
		ADDED from src\main\AndroidManifest.xml:74:13-59
activity#com.code.view.DemoWebservice
ADDED from src\main\AndroidManifest.xml:81:9-91:20
	android:label
		ADDED from src\main\AndroidManifest.xml:83:13-67
	android:name
		ADDED from src\main\AndroidManifest.xml:82:13-56
activity#com.code.view.ViewCreateArticle
ADDED from src\main\AndroidManifest.xml:92:9-96:20
	android:label
		ADDED from src\main\AndroidManifest.xml:94:13-71
	android:parentActivityName
		ADDED from src\main\AndroidManifest.xml:95:13-73
	android:name
		ADDED from src\main\AndroidManifest.xml:93:13-59
uses-sdk
INJECTED from src\main\AndroidManifest.xml reason: use-sdk injection requested
MERGED from [com.android.support:multidex:1.0.1] AndroidManifest.xml:18:5-42
MERGED from [com.github.florent37:materialviewpager:1.2.0] AndroidManifest.xml:7:5-9:41
MERGED from [com.android.support:support-v4:24.2.1] AndroidManifest.xml:21:5-23:54
MERGED from [com.android.support:support-compat:24.2.1] AndroidManifest.xml:21:5-23:58
MERGED from [com.android.support:support-media-compat:24.2.1] AndroidManifest.xml:21:5-23:63
MERGED from [com.android.support:support-core-utils:24.2.1] AndroidManifest.xml:21:5-23:61
MERGED from [com.android.support:support-core-ui:24.2.1] AndroidManifest.xml:21:5-23:58
MERGED from [com.android.support:support-fragment:24.2.1] AndroidManifest.xml:21:5-23:60
MERGED from [com.jpardogo.materialtabstrip:library:1.1.0] AndroidManifest.xml:5:5-7:41
MERGED from [com.android.support:recyclerview-v7:24.2.1] AndroidManifest.xml:20:5-43
MERGED from [com.android.support:cardview-v7:24.2.1] AndroidManifest.xml:20:5-43
MERGED from [com.github.ksoichiro:android-observablescrollview:1.6.0] AndroidManifest.xml:21:5-43
MERGED from [com.android.support:appcompat-v7:24.2.1] AndroidManifest.xml:21:5-23:78
MERGED from [com.android.support:support-vector-drawable:24.2.1] AndroidManifest.xml:21:5-43
MERGED from [com.android.support:animated-vector-drawable:24.2.1] AndroidManifest.xml:20:5-44
MERGED from [com.github.gabrielemariotti.cards:cardslib-cards:2.1.0] AndroidManifest.xml:24:5-26:41
MERGED from [com.github.gabrielemariotti.cards:cardslib-core:2.1.0] AndroidManifest.xml:24:5-26:41
MERGED from [com.github.igortrncic.dotted-progress-bar:library:1.0.0] AndroidManifest.xml:7:5-9:41
MERGED from [com.android.support:design:24.2.1] AndroidManifest.xml:20:5-43
	tools:overrideLibrary
		ADDED from [com.android.support:support-v4:24.2.1] AndroidManifest.xml:23:9-51
	android:targetSdkVersion
		INJECTED from src\main\AndroidManifest.xml
		INJECTED from src\main\AndroidManifest.xml
	android:minSdkVersion
		INJECTED from src\main\AndroidManifest.xml
		INJECTED from src\main\AndroidManifest.xml